<?xml version="1.0" ?>
<!DOCTYPE coverage SYSTEM "http://cobertura.sourceforge.net/xml/coverage-04.dtd">
<coverage lines-valid="108" lines-covered="23" line-rate="0.21289999999999998" branches-valid="15" branches-covered="0" branch-rate="0" timestamp="1642419589730" complexity="0" version="0.1">
  <sources>
    <source>C:\Workspaces\Git\Platform\Frontend</source>
  </sources>
  <packages>
    <package name="async.culture-picker" line-rate="0.6363" branch-rate="1">
      <classes>
        <class name="CulturePicker.vue" filename="src\components\async\culture-picker\CulturePicker.vue" line-rate="0.6363" branch-rate="1">
          <methods>
            <method name="data" hits="1" signature="()V">
              <lines>
                <line number="35" hits="1"/>
              </lines>
            </method>
            <method name="setup" hits="1" signature="()V">
              <lines>
                <line number="38" hits="1"/>
              </lines>
            </method>
            <method name="setCulture" hits="0" signature="()V">
              <lines>
                <line number="42" hits="0"/>
              </lines>
            </method>
            <method name="isSelected" hits="0" signature="()V">
              <lines>
                <line number="53" hits="0"/>
              </lines>
            </method>
            <method name="(anonymous_4)" hits="1" signature="()V">
              <lines>
                <line number="58" hits="1"/>
              </lines>
            </method>
            <method name="mounted" hits="1" signature="()V">
              <lines>
                <line number="80" hits="1"/>
              </lines>
            </method>
          </methods>
          <lines>
            <line number="27" hits="1" branch="false"/>
            <line number="36" hits="1" branch="false"/>
            <line number="39" hits="1" branch="false"/>
            <line number="40" hits="1" branch="false"/>
            <line number="48" hits="0" branch="false"/>
            <line number="49" hits="0" branch="false"/>
            <line number="50" hits="0" branch="false"/>
            <line number="54" hits="0" branch="false"/>
            <line number="57" hits="1" branch="false"/>
            <line number="58" hits="1" branch="false"/>
            <line number="62" hits="1" branch="false"/>
          </lines>
        </class>
      </classes>
    </package>
    <package name="async.fetch-mocked-data" line-rate="0.6666" branch-rate="1">
      <classes>
        <class name="FetchMockedData.vue" filename="src\components\async\fetch-mocked-data\FetchMockedData.vue" line-rate="0.6666" branch-rate="1">
          <methods>
            <method name="data" hits="2" signature="()V">
              <lines>
                <line number="21" hits="2"/>
              </lines>
            </method>
            <method name="setup" hits="2" signature="()V">
              <lines>
                <line number="31" hits="2"/>
              </lines>
            </method>
            <method name="timeout" hits="2" signature="()V">
              <lines>
                <line number="35" hits="2"/>
              </lines>
            </method>
            <method name="(anonymous_3)" hits="2" signature="()V">
              <lines>
                <line number="36" hits="2"/>
              </lines>
            </method>
            <method name="updatePersonalDetails" hits="2" signature="()V">
              <lines>
                <line number="39" hits="2"/>
              </lines>
            </method>
            <method name="mounted" hits="2" signature="()V">
              <lines>
                <line number="54" hits="2"/>
              </lines>
            </method>
          </methods>
          <lines>
            <line number="19" hits="1" branch="false"/>
            <line number="22" hits="2" branch="false"/>
            <line number="32" hits="2" branch="false"/>
            <line number="36" hits="2" branch="false"/>
            <line number="41" hits="2" branch="false"/>
            <line number="44" hits="0" branch="false"/>
            <line number="45" hits="0" branch="false"/>
            <line number="47" hits="0" branch="false"/>
            <line number="55" hits="2" branch="false"/>
          </lines>
        </class>
      </classes>
    </package>
    <package name="async.form-login" line-rate="0" branch-rate="0">
      <classes>
        <class name="FormLogin.vue" filename="src\components\async\form-login\FormLogin.vue" line-rate="0" branch-rate="0">
          <methods>
            <method name="data" hits="0" signature="()V">
              <lines>
                <line number="98" hits="0"/>
              </lines>
            </method>
            <method name="_default" hits="0" signature="()V">
              <lines>
                <line number="108" hits="0"/>
              </lines>
            </method>
            <method name="setup" hits="0" signature="()V">
              <lines>
                <line number="111" hits="0"/>
              </lines>
            </method>
            <method name="(anonymous_3)" hits="0" signature="()V">
              <lines>
                <line number="131" hits="0"/>
              </lines>
            </method>
            <method name="formAction" hits="0" signature="()V">
              <lines>
                <line number="141" hits="0"/>
              </lines>
            </method>
            <method name="submitForm" hits="0" signature="()V">
              <lines>
                <line number="145" hits="0"/>
              </lines>
            </method>
          </methods>
          <lines>
            <line number="93" hits="0" branch="false"/>
            <line number="99" hits="0" branch="false"/>
            <line number="108" hits="0" branch="false"/>
            <line number="112" hits="0" branch="false"/>
            <line number="113" hits="0" branch="false"/>
            <line number="128" hits="0" branch="false"/>
            <line number="130" hits="0" branch="false"/>
            <line number="131" hits="0" branch="false"/>
            <line number="135" hits="0" branch="false"/>
            <line number="137" hits="0" branch="false"/>
            <line number="141" hits="0" branch="false"/>
            <line number="146" hits="0" branch="true" condition-coverage="0% (0/2)"/>
            <line number="147" hits="0" branch="false"/>
            <line number="148" hits="0" branch="false"/>
            <line number="149" hits="0" branch="false"/>
            <line number="150" hits="0" branch="false"/>
            <line number="152" hits="0" branch="false"/>
            <line number="154" hits="0" branch="false"/>
          </lines>
        </class>
      </classes>
    </package>
    <package name="async.has-props-store" line-rate="0" branch-rate="1">
      <classes>
        <class name="HasPropsStore.vue" filename="src\components\async\has-props-store\HasPropsStore.vue" line-rate="0" branch-rate="1">
          <methods>
            <method name="_default" hits="0" signature="()V">
              <lines>
                <line number="23" hits="0"/>
              </lines>
            </method>
            <method name="setup" hits="0" signature="()V">
              <lines>
                <line number="26" hits="0"/>
              </lines>
            </method>
            <method name="(anonymous_2)" hits="0" signature="()V">
              <lines>
                <line number="28" hits="0"/>
              </lines>
            </method>
            <method name="(anonymous_3)" hits="0" signature="()V">
              <lines>
                <line number="30" hits="0"/>
              </lines>
            </method>
            <method name="updateStore" hits="0" signature="()V">
              <lines>
                <line number="33" hits="0"/>
              </lines>
            </method>
            <method name="mounted" hits="0" signature="()V">
              <lines>
                <line number="46" hits="0"/>
              </lines>
            </method>
          </methods>
          <lines>
            <line number="23" hits="0" branch="false"/>
            <line number="27" hits="0" branch="false"/>
            <line number="28" hits="0" branch="false"/>
            <line number="29" hits="0" branch="false"/>
            <line number="30" hits="0" branch="false"/>
            <line number="34" hits="0" branch="false"/>
            <line number="40" hits="0" branch="false"/>
            <line number="47" hits="0" branch="false"/>
          </lines>
        </class>
      </classes>
    </package>
    <package name="async.main-navigation" line-rate="0" branch-rate="1">
      <classes>
        <class name="MainNavigation.vue" filename="src\components\async\main-navigation\MainNavigation.vue" line-rate="0" branch-rate="1">
          <methods>
            <method name="_default" hits="0" signature="()V">
              <lines>
                <line number="41" hits="0"/>
              </lines>
            </method>
            <method name="setup" hits="0" signature="()V">
              <lines>
                <line number="44" hits="0"/>
              </lines>
            </method>
            <method name="(anonymous_2)" hits="0" signature="()V">
              <lines>
                <line number="46" hits="0"/>
              </lines>
            </method>
          </methods>
          <lines>
            <line number="41" hits="0" branch="false"/>
            <line number="45" hits="0" branch="false"/>
            <line number="46" hits="0" branch="false"/>
            <line number="49" hits="0" branch="false"/>
          </lines>
        </class>
      </classes>
    </package>
    <package name="async.user-profile" line-rate="0.909" branch-rate="1">
      <classes>
        <class name="UserProfile.vue" filename="src\components\async\user-profile\UserProfile.vue" line-rate="0.909" branch-rate="1">
          <methods>
            <method name="_default" hits="1" signature="()V">
              <lines>
                <line number="30" hits="1"/>
              </lines>
            </method>
            <method name="data" hits="1" signature="()V">
              <lines>
                <line number="37" hits="1"/>
              </lines>
            </method>
            <method name="setup" hits="1" signature="()V">
              <lines>
                <line number="47" hits="1"/>
              </lines>
            </method>
            <method name="(anonymous_3)" hits="1" signature="()V">
              <lines>
                <line number="48" hits="1"/>
              </lines>
            </method>
            <method name="(anonymous_4)" hits="1" signature="()V">
              <lines>
                <line number="50" hits="1"/>
              </lines>
            </method>
            <method name="getUserProfile" hits="1" signature="()V">
              <lines>
                <line number="59" hits="1"/>
              </lines>
            </method>
            <method name="mounted" hits="1" signature="()V">
              <lines>
                <line number="71" hits="1"/>
              </lines>
            </method>
          </methods>
          <lines>
            <line number="25" hits="1" branch="false"/>
            <line number="30" hits="1" branch="false"/>
            <line number="38" hits="1" branch="false"/>
            <line number="48" hits="1" branch="false"/>
            <line number="49" hits="1" branch="false"/>
            <line number="50" hits="1" branch="false"/>
            <line number="53" hits="1" branch="false"/>
            <line number="61" hits="2" branch="false"/>
            <line number="62" hits="1" branch="false"/>
            <line number="64" hits="0" branch="false"/>
            <line number="72" hits="1" branch="false"/>
          </lines>
        </class>
      </classes>
    </package>
    <package name="base.forms" line-rate="0" branch-rate="0">
      <classes>
        <class name="FormInputRequired.vue" filename="src\components\base\forms\FormInputRequired.vue" line-rate="0" branch-rate="1">
          <methods>
          </methods>
          <lines>
            <line number="8" hits="0" branch="false"/>
          </lines>
        </class>
        <class name="FormInputText.vue" filename="src\components\base\forms\FormInputText.vue" line-rate="0" branch-rate="0">
          <methods>
            <method name="data" hits="0" signature="()V">
              <lines>
                <line number="138" hits="0"/>
              </lines>
            </method>
            <method name="setup" hits="0" signature="()V">
              <lines>
                <line number="71" hits="0"/>
              </lines>
            </method>
            <method name="(anonymous_2)" hits="0" signature="()V">
              <lines>
                <line number="146" hits="0"/>
              </lines>
            </method>
            <method name="(anonymous_3)" hits="0" signature="()V">
              <lines>
                <line number="147" hits="0"/>
              </lines>
            </method>
            <method name="submitAttempted" hits="0" signature="()V">
              <lines>
                <line number="161" hits="0"/>
              </lines>
            </method>
            <method name="setInputIsDirty" hits="0" signature="()V">
              <lines>
                <line number="166" hits="0"/>
              </lines>
            </method>
          </methods>
          <lines>
            <line number="71" hits="0" branch="false"/>
            <line number="139" hits="0" branch="false"/>
            <line number="145" hits="0" branch="false"/>
            <line number="146" hits="0" branch="false"/>
            <line number="147" hits="0" branch="false"/>
            <line number="148" hits="0" branch="false"/>
            <line number="149" hits="0" branch="false"/>
            <line number="151" hits="0" branch="false"/>
            <line number="158" hits="0" branch="false"/>
            <line number="159" hits="0" branch="false"/>
            <line number="163" hits="0" branch="false"/>
            <line number="168" hits="0" branch="true" condition-coverage="0% (0/4)"/>
            <line number="169" hits="0" branch="false"/>
            <line number="173" hits="0" branch="false"/>
            <line number="177" hits="0" branch="false"/>
            <line number="181" hits="0" branch="true" condition-coverage="0% (0/2)"/>
          </lines>
        </class>
      </classes>
    </package>
    <package name="base.forms.hooks" line-rate="0" branch-rate="0">
      <classes>
        <class name="formValidation.ts" filename="src\components\base\forms\hooks\formValidation.ts" line-rate="0" branch-rate="0">
          <methods>
            <method name="formValidation" hits="0" signature="()V">
              <lines>
                <line number="1" hits="0"/>
              </lines>
            </method>
            <method name="setEventListenerType" hits="0" signature="()V">
              <lines>
                <line number="2" hits="0"/>
              </lines>
            </method>
            <method name="setUpForm" hits="0" signature="()V">
              <lines>
                <line number="16" hits="0"/>
              </lines>
            </method>
            <method name="(anonymous_3)" hits="0" signature="()V">
              <lines>
                <line number="27" hits="0"/>
              </lines>
            </method>
            <method name="validateForm" hits="0" signature="()V">
              <lines>
                <line number="44" hits="0"/>
              </lines>
            </method>
            <method name="(anonymous_5)" hits="0" signature="()V">
              <lines>
                <line number="52" hits="0"/>
              </lines>
            </method>
          </methods>
          <lines>
            <line number="1" hits="0" branch="false"/>
            <line number="4" hits="0" branch="true" condition-coverage="0% (0/2)"/>
            <line number="5" hits="0" branch="false"/>
            <line number="6" hits="0" branch="true" condition-coverage="0% (0/1)"/>
            <line number="11" hits="0" branch="false"/>
            <line number="13" hits="0" branch="false"/>
            <line number="17" hits="0" branch="true" condition-coverage="0% (0/1)"/>
            <line number="18" hits="0" branch="false"/>
            <line number="19" hits="0" branch="false"/>
            <line number="22" hits="0" branch="false"/>
            <line number="26" hits="0" branch="false"/>
            <line number="27" hits="0" branch="false"/>
            <line number="28" hits="0" branch="false"/>
            <line number="29" hits="0" branch="false"/>
            <line number="30" hits="0" branch="false"/>
            <line number="35" hits="0" branch="false"/>
            <line number="41" hits="0" branch="false"/>
            <line number="45" hits="0" branch="false"/>
            <line number="46" hits="0" branch="false"/>
            <line number="48" hits="0" branch="false"/>
            <line number="52" hits="0" branch="false"/>
            <line number="53" hits="0" branch="false"/>
            <line number="56" hits="0" branch="false"/>
            <line number="58" hits="0" branch="false"/>
            <line number="59" hits="0" branch="false"/>
            <line number="61" hits="0" branch="false"/>
            <line number="64" hits="0" branch="false"/>
          </lines>
        </class>
      </classes>
    </package>
    <package name="base.loading" line-rate="0" branch-rate="1">
      <classes>
        <class name="Loading.vue" filename="src\components\base\loading\Loading.vue" line-rate="0" branch-rate="1">
          <methods>
            <method name="setup" hits="0" signature="()V">
              <lines>
                <line number="20" hits="0"/>
              </lines>
            </method>
            <method name="(anonymous_1)" hits="0" signature="()V">
              <lines>
                <line number="22" hits="0"/>
              </lines>
            </method>
          </methods>
          <lines>
            <line number="21" hits="0" branch="false"/>
            <line number="22" hits="0" branch="false"/>
            <line number="25" hits="0" branch="false"/>
          </lines>
        </class>
      </classes>
    </package>
  </packages>
</coverage>
